21:50:17| Factories      : 1
21:50:17| Dealerships    : 1
21:50:17| Run Time       : 5.0536
21:50:17| Max queue size : 253
21:50:17| Factory Stats  : Made = 253 @ [253]
21:50:17| Dealer Stats   : Sold = 0 @ [0]
21:50:17| 
21:50:22| Factories      : 1
21:50:22| Dealerships    : 2
21:50:22| Run Time       : 5.0267
21:50:22| Max queue size : 258
21:50:22| Factory Stats  : Made = 258 @ [258]
21:50:22| Dealer Stats   : Sold = 0 @ [0, 0]
21:50:22| 
21:50:28| Factories      : 2
21:50:28| Dealerships    : 1
21:50:28| Run Time       : 5.8356
21:50:28| Max queue size : 575
21:50:28| Factory Stats  : Made = 575 @ [279, 296]
21:50:28| Dealer Stats   : Sold = 0 @ [0]
21:50:28| 
21:50:33| Factories      : 2
21:50:33| Dealerships    : 2
21:50:33| Run Time       : 5.1338
21:50:33| Max queue size : 501
21:50:33| Factory Stats  : Made = 501 @ [241, 260]
21:50:33| Dealer Stats   : Sold = 0 @ [0, 0]
21:50:33| 
21:50:38| Factories      : 2
21:50:38| Dealerships    : 5
21:50:38| Run Time       : 5.1428
21:50:38| Max queue size : 502
21:50:38| Factory Stats  : Made = 502 @ [267, 235]
21:50:38| Dealer Stats   : Sold = 0 @ [0, 0, 0, 0, 0]
21:50:38| 
21:50:44| Factories      : 5
21:50:44| Dealerships    : 2
21:50:44| Run Time       : 5.7211
21:50:44| Max queue size : 1289
21:50:44| Factory Stats  : Made = 1289 @ [228, 227, 294, 290, 250]
21:50:44| Dealer Stats   : Sold = 0 @ [0, 0]
21:50:44| 
21:50:50| Factories      : 10
21:50:50| Dealerships    : 10
21:50:50| Run Time       : 5.8457
21:50:50| Max queue size : 2549
21:50:50| Factory Stats  : Made = 2549 @ [202, 255, 242, 219, 279, 295, 260, 220, 286, 291]
21:50:50| Dealer Stats   : Sold = 0 @ [0, 0, 0, 0, 0, 0, 0, 0, 0, 0]
21:50:50| 
