21:44:16| Factories      : 1
21:44:16| Dealerships    : 1
21:44:16| Run Time       : 5.0474
21:44:16| Max queue size : 260
21:44:16| Factory Stats  : Made = 260 @ [260]
21:44:16| Dealer Stats   : Sold = 0 @ [0]
21:44:16| 
21:44:21| Factories      : 1
21:44:21| Dealerships    : 2
21:44:21| Run Time       : 4.5439
21:44:21| Max queue size : 243
21:44:21| Factory Stats  : Made = 243 @ [243]
21:44:21| Dealer Stats   : Sold = 0 @ [0, 0]
21:44:21| 
21:44:26| Factories      : 2
21:44:26| Dealerships    : 1
21:44:26| Run Time       : 5.3834
21:44:26| Max queue size : 548
21:44:26| Factory Stats  : Made = 548 @ [273, 275]
21:44:26| Dealer Stats   : Sold = 0 @ [0]
21:44:26| 
21:44:31| Factories      : 2
21:44:31| Dealerships    : 2
21:44:31| Run Time       : 5.1557
21:44:31| Max queue size : 492
21:44:31| Factory Stats  : Made = 492 @ [267, 225]
21:44:31| Dealer Stats   : Sold = 0 @ [0, 0]
21:44:31| 
21:44:37| Factories      : 2
21:44:37| Dealerships    : 5
21:44:37| Run Time       : 5.6798
21:44:37| Max queue size : 500
21:44:37| Factory Stats  : Made = 500 @ [297, 203]
21:44:37| Dealer Stats   : Sold = 0 @ [0, 0, 0, 0, 0]
21:44:37| 
21:44:42| Factories      : 5
21:44:42| Dealerships    : 2
21:44:42| Run Time       : 5.3691
21:44:42| Max queue size : 1250
21:44:42| Factory Stats  : Made = 1250 @ [219, 263, 202, 283, 283]
21:44:42| Dealer Stats   : Sold = 0 @ [0, 0]
21:44:42| 
21:44:48| Factories      : 10
21:44:48| Dealerships    : 10
21:44:48| Run Time       : 5.7672
21:44:48| Max queue size : 2543
21:44:48| Factory Stats  : Made = 2543 @ [300, 220, 300, 248, 256, 259, 202, 216, 260, 282]
21:44:48| Dealer Stats   : Sold = 0 @ [0, 0, 0, 0, 0, 0, 0, 0, 0, 0]
21:44:48| 
