20:23:13| Factories      : 1
20:23:13| Dealerships    : 1
20:23:13| Run Time       : 4.8047
20:23:13| Max queue size : 255
20:23:13| Factory Stats  : Made = 255 @ [255]
20:23:13| Dealer Stats   : Sold = 0 @ [0]
20:23:13| 
20:23:19| Factories      : 1
20:23:19| Dealerships    : 2
20:23:19| Run Time       : 5.5366
20:23:19| Max queue size : 286
20:23:19| Factory Stats  : Made = 286 @ [286]
20:23:19| Dealer Stats   : Sold = 0 @ [0, 0]
20:23:19| 
20:23:25| Factories      : 2
20:23:25| Dealerships    : 1
20:23:25| Run Time       : 6.0135
20:23:25| Max queue size : 570
20:23:25| Factory Stats  : Made = 570 @ [275, 295]
20:23:25| Dealer Stats   : Sold = 0 @ [0]
20:23:25| 
20:23:30| Factories      : 2
20:23:30| Dealerships    : 2
20:23:30| Run Time       : 5.0361
20:23:30| Max queue size : 479
20:23:30| Factory Stats  : Made = 479 @ [257, 222]
20:23:30| Dealer Stats   : Sold = 0 @ [0, 0]
20:23:30| 
20:23:34| Factories      : 2
20:23:34| Dealerships    : 5
20:23:34| Run Time       : 4.3412
20:23:34| Max queue size : 440
20:23:34| Factory Stats  : Made = 440 @ [204, 236]
20:23:34| Dealer Stats   : Sold = 0 @ [0, 0, 0, 0, 0]
20:23:34| 
20:23:40| Factories      : 5
20:23:40| Dealerships    : 2
20:23:40| Run Time       : 5.4747
20:23:40| Max queue size : 1233
20:23:40| Factory Stats  : Made = 1233 @ [201, 277, 230, 273, 252]
20:23:40| Dealer Stats   : Sold = 0 @ [0, 0]
20:23:40| 
20:23:46| Factories      : 10
20:23:46| Dealerships    : 10
20:23:46| Run Time       : 5.9270
20:23:46| Max queue size : 2438
20:23:46| Factory Stats  : Made = 2438 @ [235, 220, 217, 211, 272, 222, 274, 229, 278, 280]
20:23:46| Dealer Stats   : Sold = 0 @ [0, 0, 0, 0, 0, 0, 0, 0, 0, 0]
20:23:46| 
