20:17:34| Factories      : 1
20:17:34| Dealerships    : 1
20:17:34| Run Time       : 4.8347
20:17:34| Max queue size : 253
20:17:34| Factory Stats  : Made = 253 @ [253]
20:17:34| Dealer Stats   : Sold = 0 @ [0]
20:17:34| 
20:17:39| Factories      : 1
20:17:39| Dealerships    : 2
20:17:39| Run Time       : 4.8293
20:17:39| Max queue size : 265
20:17:39| Factory Stats  : Made = 265 @ [265]
20:17:39| Dealer Stats   : Sold = 0 @ [0, 0]
20:17:39| 
20:17:44| Factories      : 2
20:17:44| Dealerships    : 1
20:17:44| Run Time       : 5.0679
20:17:44| Max queue size : 493
20:17:44| Factory Stats  : Made = 493 @ [273, 220]
20:17:44| Dealer Stats   : Sold = 0 @ [0]
20:17:44| 
20:17:49| Factories      : 2
20:17:49| Dealerships    : 2
20:17:49| Run Time       : 5.1213
20:17:49| Max queue size : 493
20:17:49| Factory Stats  : Made = 493 @ [271, 222]
20:17:49| Dealer Stats   : Sold = 0 @ [0, 0]
20:17:49| 
20:17:54| Factories      : 2
20:17:54| Dealerships    : 5
20:17:54| Run Time       : 4.8479
20:17:54| Max queue size : 467
20:17:54| Factory Stats  : Made = 467 @ [219, 248]
20:17:54| Dealer Stats   : Sold = 0 @ [0, 0, 0, 0, 0]
20:17:54| 
20:18:00| Factories      : 5
20:18:00| Dealerships    : 2
20:18:00| Run Time       : 5.6179
20:18:00| Max queue size : 1149
20:18:00| Factory Stats  : Made = 1149 @ [214, 209, 297, 221, 208]
20:18:00| Dealer Stats   : Sold = 0 @ [0, 0]
20:18:00| 
20:18:06| Factories      : 10
20:18:06| Dealerships    : 10
20:18:06| Run Time       : 5.5529
20:18:06| Max queue size : 2535
20:18:06| Factory Stats  : Made = 2535 @ [289, 254, 295, 289, 204, 204, 246, 238, 286, 230]
20:18:06| Dealer Stats   : Sold = 0 @ [0, 0, 0, 0, 0, 0, 0, 0, 0, 0]
20:18:06| 
