21:47:20| Factories      : 1
21:47:20| Dealerships    : 1
21:47:20| Run Time       : 4.5911
21:47:20| Max queue size : 235
21:47:20| Factory Stats  : Made = 235 @ [235]
21:47:20| Dealer Stats   : Sold = 0 @ [0]
21:47:20| 
21:47:26| Factories      : 1
21:47:26| Dealerships    : 2
21:47:26| Run Time       : 5.1464
21:47:26| Max queue size : 267
21:47:26| Factory Stats  : Made = 267 @ [267]
21:47:26| Dealer Stats   : Sold = 0 @ [0, 0]
21:47:26| 
21:47:31| Factories      : 2
21:47:31| Dealerships    : 1
21:47:31| Run Time       : 5.6386
21:47:31| Max queue size : 549
21:47:31| Factory Stats  : Made = 549 @ [266, 283]
21:47:31| Dealer Stats   : Sold = 0 @ [0]
21:47:31| 
21:47:36| Factories      : 2
21:47:36| Dealerships    : 2
21:47:36| Run Time       : 4.3426
21:47:36| Max queue size : 437
21:47:36| Factory Stats  : Made = 437 @ [220, 217]
21:47:36| Dealer Stats   : Sold = 0 @ [0, 0]
21:47:36| 
21:47:41| Factories      : 2
21:47:41| Dealerships    : 5
21:47:41| Run Time       : 5.0051
21:47:41| Max queue size : 480
21:47:41| Factory Stats  : Made = 480 @ [215, 265]
21:47:41| Dealer Stats   : Sold = 0 @ [0, 0, 0, 0, 0]
21:47:41| 
21:47:46| Factories      : 5
21:47:46| Dealerships    : 2
21:47:46| Run Time       : 5.2577
21:47:46| Max queue size : 1322
21:47:46| Factory Stats  : Made = 1322 @ [265, 291, 211, 277, 278]
21:47:46| Dealer Stats   : Sold = 0 @ [0, 0]
21:47:46| 
21:47:51| Factories      : 10
21:47:51| Dealerships    : 10
21:47:51| Run Time       : 5.5588
21:47:51| Max queue size : 2639
21:47:51| Factory Stats  : Made = 2639 @ [288, 225, 285, 300, 246, 299, 224, 267, 257, 248]
21:47:51| Dealer Stats   : Sold = 0 @ [0, 0, 0, 0, 0, 0, 0, 0, 0, 0]
21:47:51| 
