21:27:29| Factories      : 1
21:27:29| Dealerships    : 1
21:27:29| Run Time       : 4.2654
21:27:29| Max queue size : 221
21:27:29| Factory Stats  : Made = 221 @ [221]
21:27:29| Dealer Stats   : Sold = 0 @ [0]
21:27:29| 
21:27:35| Factories      : 1
21:27:35| Dealerships    : 2
21:27:35| Run Time       : 5.5295
21:27:35| Max queue size : 281
21:27:35| Factory Stats  : Made = 281 @ [281]
21:27:35| Dealer Stats   : Sold = 0 @ [0, 0]
21:27:35| 
21:27:40| Factories      : 2
21:27:40| Dealerships    : 1
21:27:40| Run Time       : 5.9304
21:27:40| Max queue size : 522
21:27:40| Factory Stats  : Made = 522 @ [225, 297]
21:27:40| Dealer Stats   : Sold = 0 @ [0]
21:27:40| 
21:27:46| Factories      : 2
21:27:46| Dealerships    : 2
21:27:46| Run Time       : 5.0498
21:27:46| Max queue size : 484
21:27:46| Factory Stats  : Made = 484 @ [235, 249]
21:27:46| Dealer Stats   : Sold = 0 @ [0, 0]
21:27:46| 
21:27:51| Factories      : 2
21:27:51| Dealerships    : 5
21:27:51| Run Time       : 5.4794
21:27:51| Max queue size : 524
21:27:51| Factory Stats  : Made = 524 @ [240, 284]
21:27:51| Dealer Stats   : Sold = 0 @ [0, 0, 0, 0, 0]
21:27:51| 
21:27:57| Factories      : 5
21:27:57| Dealerships    : 2
21:27:57| Run Time       : 5.5793
21:27:57| Max queue size : 1237
21:27:57| Factory Stats  : Made = 1237 @ [295, 217, 206, 245, 274]
21:27:57| Dealer Stats   : Sold = 0 @ [0, 0]
21:27:57| 
21:28:02| Factories      : 10
21:28:02| Dealerships    : 10
21:28:02| Run Time       : 5.6594
21:28:02| Max queue size : 2549
21:28:02| Factory Stats  : Made = 2549 @ [200, 211, 287, 221, 259, 297, 285, 270, 273, 246]
21:28:02| Dealer Stats   : Sold = 0 @ [0, 0, 0, 0, 0, 0, 0, 0, 0, 0]
21:28:02| 
