21:38:57| Factories      : 1
21:38:57| Dealerships    : 1
21:38:57| Run Time       : 4.7911
21:38:57| Max queue size : 248
21:38:57| Factory Stats  : Made = 248 @ [248]
21:38:57| Dealer Stats   : Sold = 0 @ [0]
21:38:57| 
21:39:02| Factories      : 1
21:39:02| Dealerships    : 2
21:39:02| Run Time       : 5.1667
21:39:02| Max queue size : 273
21:39:02| Factory Stats  : Made = 273 @ [273]
21:39:02| Dealer Stats   : Sold = 0 @ [0, 0]
21:39:02| 
21:39:08| Factories      : 2
21:39:08| Dealerships    : 1
21:39:08| Run Time       : 5.4768
21:39:08| Max queue size : 489
21:39:08| Factory Stats  : Made = 489 @ [217, 272]
21:39:08| Dealer Stats   : Sold = 0 @ [0]
21:39:08| 
21:39:13| Factories      : 2
21:39:13| Dealerships    : 2
21:39:13| Run Time       : 5.0804
21:39:13| Max queue size : 475
21:39:13| Factory Stats  : Made = 475 @ [252, 223]
21:39:13| Dealer Stats   : Sold = 0 @ [0, 0]
21:39:13| 
21:39:18| Factories      : 2
21:39:18| Dealerships    : 5
21:39:18| Run Time       : 5.1973
21:39:18| Max queue size : 479
21:39:18| Factory Stats  : Made = 479 @ [258, 221]
21:39:18| Dealer Stats   : Sold = 0 @ [0, 0, 0, 0, 0]
21:39:18| 
21:39:24| Factories      : 5
21:39:24| Dealerships    : 2
21:39:24| Run Time       : 6.0505
21:39:24| Max queue size : 1323
21:39:24| Factory Stats  : Made = 1323 @ [291, 287, 220, 239, 286]
21:39:24| Dealer Stats   : Sold = 0 @ [0, 0]
21:39:24| 
21:39:30| Factories      : 10
21:39:30| Dealerships    : 10
21:39:30| Run Time       : 5.7205
21:39:30| Max queue size : 2572
21:39:30| Factory Stats  : Made = 2572 @ [270, 222, 239, 283, 290, 272, 262, 216, 264, 254]
21:39:30| Dealer Stats   : Sold = 0 @ [0, 0, 0, 0, 0, 0, 0, 0, 0, 0]
21:39:30| 
