22:21:18| --------------------------------------------------------------------------------
22:21:18| Primes: 0
22:21:18|  
22:21:18| --------------------------------------------------------------------------------
22:21:18| Words: 0
22:21:18|  
22:21:18| --------------------------------------------------------------------------------
22:21:18| Uppercase: 0
22:21:18|  
22:21:18| --------------------------------------------------------------------------------
22:21:18| Sums: 0
22:21:18|  
22:21:18| --------------------------------------------------------------------------------
22:21:18| Names: 0
22:21:18|  
22:21:18| Number of Primes tasks: 0
22:21:18| Number of Words tasks: 0
22:21:18| Number of Uppercase tasks: 0
22:21:18| Number of Sums tasks: 0
22:21:18| Number of Names tasks: 0
22:21:18| Total time to process 5 tasks = 2.11502120
