21:58:54| --------------------------------------------------------------------------------
21:58:54| Primes: 1
21:58:54| None
21:58:54|  
21:58:54| --------------------------------------------------------------------------------
21:58:54| Words: 1
21:58:54| None
21:58:54|  
21:58:54| --------------------------------------------------------------------------------
21:58:54| Uppercase: 1
21:58:54| None
21:58:54|  
21:58:54| --------------------------------------------------------------------------------
21:58:54| Sums: 1
21:58:54| None
21:58:54|  
21:58:54| --------------------------------------------------------------------------------
21:58:54| Names: 1
21:58:54| None
21:58:54|  
21:58:54| Number of Primes tasks: 1
21:58:54| Number of Words tasks: 1
21:58:54| Number of Uppercase tasks: 1
21:58:54| Number of Sums tasks: 1
21:58:54| Number of Names tasks: 1
21:58:54| Total time to process 5 tasks = 2.00204620
