22:40:12| --------------------------------------------------------------------------------
22:40:12| Primes: 1
22:40:12| 9638760730083 is not prime
22:40:12|  
22:40:12| --------------------------------------------------------------------------------
22:40:12| Words: 1
22:40:12| amusement Found
22:40:12|  
22:40:12| --------------------------------------------------------------------------------
22:40:12| Uppercase: 1
22:40:12| inject ==> INJECT
22:40:12|  
22:40:12| --------------------------------------------------------------------------------
22:40:12| Sums: 1
22:40:12| sum of 424 to 694,818 = 241,386,284,295
22:40:12|  
22:40:12| --------------------------------------------------------------------------------
22:40:12| Names: 1
22:40:12| http://127.0.0.1:8790/people/2/ has name C-3PO
22:40:12|  
22:40:12| Number of Primes tasks: 1
22:40:12| Number of Words tasks: 1
22:40:12| Number of Uppercase tasks: 1
22:40:12| Number of Sums tasks: 1
22:40:12| Number of Names tasks: 1
22:40:12| Total time to process 5 tasks = 3.04685800
