21:58:32| --------------------------------------------------------------------------------
21:58:32| Primes: 0
21:58:32|  
21:58:32| --------------------------------------------------------------------------------
21:58:32| Words: 0
21:58:32|  
21:58:32| --------------------------------------------------------------------------------
21:58:32| Uppercase: 0
21:58:32|  
21:58:32| --------------------------------------------------------------------------------
21:58:32| Sums: 0
21:58:32|  
21:58:32| --------------------------------------------------------------------------------
21:58:32| Names: 0
21:58:32|  
21:58:32| Number of Primes tasks: 0
21:58:32| Number of Words tasks: 0
21:58:32| Number of Uppercase tasks: 0
21:58:32| Number of Sums tasks: 0
21:58:32| Number of Names tasks: 0
21:58:32| Total time to process 0 tasks = 2.10901570
