22:33:39| --------------------------------------------------------------------------------
22:33:39| Primes: 1
22:33:39| None
22:33:39|  
22:33:39| --------------------------------------------------------------------------------
22:33:39| Words: 1
22:33:39| None
22:33:39|  
22:33:39| --------------------------------------------------------------------------------
22:33:39| Uppercase: 1
22:33:39| None
22:33:39|  
22:33:39| --------------------------------------------------------------------------------
22:33:39| Sums: 1
22:33:39| None
22:33:39|  
22:33:40| --------------------------------------------------------------------------------
22:33:40| Names: 1
22:33:40| None
22:33:40|  
22:33:40| Number of Primes tasks: 1
22:33:40| Number of Words tasks: 1
22:33:40| Number of Uppercase tasks: 1
22:33:40| Number of Sums tasks: 1
22:33:40| Number of Names tasks: 1
22:33:40| Total time to process 5 tasks = 3.01379450
