22:20:58| --------------------------------------------------------------------------------
22:20:58| Primes: 0
22:20:58|  
22:20:58| --------------------------------------------------------------------------------
22:20:58| Words: 0
22:20:58|  
22:20:58| --------------------------------------------------------------------------------
22:20:58| Uppercase: 0
22:20:58|  
22:20:58| --------------------------------------------------------------------------------
22:20:58| Sums: 0
22:20:58|  
22:20:58| --------------------------------------------------------------------------------
22:20:58| Names: 0
22:20:58|  
22:20:58| Number of Primes tasks: 0
22:20:58| Number of Words tasks: 0
22:20:58| Number of Uppercase tasks: 0
22:20:58| Number of Sums tasks: 0
22:20:58| Number of Names tasks: 0
22:20:58| Total time to process 5 tasks = 2.02894880
22:21:00| --------------------------------------------------------------------------------
22:21:00| Primes: 0
22:21:00|  
22:21:00| --------------------------------------------------------------------------------
22:21:00| Words: 0
22:21:00|  
22:21:00| --------------------------------------------------------------------------------
22:21:00| Uppercase: 0
22:21:00|  
22:21:00| --------------------------------------------------------------------------------
22:21:00| Sums: 0
22:21:00|  
22:21:00| --------------------------------------------------------------------------------
22:21:00| Names: 0
22:21:00|  
22:21:00| Number of Primes tasks: 0
22:21:00| Number of Words tasks: 0
22:21:00| Number of Uppercase tasks: 0
22:21:00| Number of Sums tasks: 0
22:21:00| Number of Names tasks: 0
22:21:00| Total time to process 5 tasks = 2.03567870
