22:33:53| --------------------------------------------------------------------------------
22:33:53| Primes: 1
22:33:53| None
22:33:53|  
22:33:53| --------------------------------------------------------------------------------
22:33:53| Words: 1
22:33:53| None
22:33:53|  
22:33:53| --------------------------------------------------------------------------------
22:33:53| Uppercase: 1
22:33:53| None
22:33:53|  
22:33:53| --------------------------------------------------------------------------------
22:33:53| Sums: 1
22:33:53| None
22:33:53|  
22:33:53| --------------------------------------------------------------------------------
22:33:53| Names: 1
22:33:53| None
22:33:53|  
22:33:53| Number of Primes tasks: 1
22:33:53| Number of Words tasks: 1
22:33:53| Number of Uppercase tasks: 1
22:33:53| Number of Sums tasks: 1
22:33:53| Number of Names tasks: 1
22:33:53| Total time to process 5 tasks = 2.94521030
