22:31:10| --------------------------------------------------------------------------------
22:31:10| Primes: 0
22:31:10|  
22:31:10| --------------------------------------------------------------------------------
22:31:10| Words: 0
22:31:10|  
22:31:10| --------------------------------------------------------------------------------
22:31:10| Uppercase: 0
22:31:10|  
22:31:10| --------------------------------------------------------------------------------
22:31:10| Sums: 0
22:31:10|  
22:31:10| --------------------------------------------------------------------------------
22:31:10| Names: 0
22:31:10|  
22:31:10| Number of Primes tasks: 0
22:31:10| Number of Words tasks: 0
22:31:10| Number of Uppercase tasks: 0
22:31:10| Number of Sums tasks: 0
22:31:10| Number of Names tasks: 0
22:31:10| Total time to process 5 tasks = 3.41564730
