22:33:13| --------------------------------------------------------------------------------
22:33:13| Primes: 1
22:33:13| None
22:33:13|  
22:33:13| --------------------------------------------------------------------------------
22:33:13| Words: 1
22:33:13| None
22:33:13|  
22:33:13| --------------------------------------------------------------------------------
22:33:13| Uppercase: 1
22:33:13| None
22:33:13|  
22:33:13| --------------------------------------------------------------------------------
22:33:13| Sums: 1
22:33:13| None
22:33:13|  
22:33:13| --------------------------------------------------------------------------------
22:33:13| Names: 1
22:33:13| None
22:33:13|  
22:33:13| Number of Primes tasks: 1
22:33:13| Number of Words tasks: 1
22:33:13| Number of Uppercase tasks: 1
22:33:13| Number of Sums tasks: 1
22:33:13| Number of Names tasks: 1
22:33:13| Total time to process 5 tasks = 2.01810300
